0 info it worked if it ends with ok
1 verbose cli [ 'node', '/usr/local/bin/npm', 'install', 'Express' ]
2 info using npm@1.4.28
3 info using node@v0.10.35
4 verbose config Skipping project config: /Users/tomasero/.npmrc. (matches userconfig)
5 verbose cache add [ 'Express', null ]
6 verbose cache add name=undefined spec="Express" args=["Express",null]
7 verbose parsed url { protocol: null,
7 verbose parsed url   slashes: null,
7 verbose parsed url   auth: null,
7 verbose parsed url   host: null,
7 verbose parsed url   port: null,
7 verbose parsed url   hostname: null,
7 verbose parsed url   hash: null,
7 verbose parsed url   search: null,
7 verbose parsed url   query: null,
7 verbose parsed url   pathname: 'Express',
7 verbose parsed url   path: 'Express',
7 verbose parsed url   href: 'Express' }
8 silly lockFile 8b652040-Express Express
9 verbose lock Express /Users/tomasero/.npm/8b652040-Express.lock
10 silly lockFile 8b652040-Express Express
11 silly lockFile 8b652040-Express Express
12 verbose addNamed [ 'Express', '' ]
13 verbose addNamed [ null, '*' ]
14 silly lockFile 522b04c2-Express Express@
15 verbose lock Express@ /Users/tomasero/.npm/522b04c2-Express.lock
16 silly addNameRange { name: 'Express', range: '*', hasData: false }
17 verbose request where is /Express
18 verbose request registry https://registry.npmjs.org/
19 verbose request id 2004ab414d49c3d2
20 verbose url raw /Express
21 verbose url resolving [ 'https://registry.npmjs.org/', './Express' ]
22 verbose url resolved https://registry.npmjs.org/Express
23 verbose request where is https://registry.npmjs.org/Express
24 info trying registry request attempt 1 at 20:49:17
25 http GET https://registry.npmjs.org/Express
26 http 404 https://registry.npmjs.org/Express
27 verbose headers { date: 'Wed, 21 Jan 2015 04:49:17 GMT',
27 verbose headers   server: 'CouchDB/1.5.0 (Erlang OTP/R16B03)',
27 verbose headers   'content-type': 'application/json',
27 verbose headers   'cache-control': 'max-age=0',
27 verbose headers   'content-length': '52',
27 verbose headers   'accept-ranges': 'bytes',
27 verbose headers   via: '1.1 varnish',
27 verbose headers   age: '0',
27 verbose headers   'x-served-by': 'cache-lax1423-LAX',
27 verbose headers   'x-cache': 'MISS',
27 verbose headers   'x-cache-hits': '0',
27 verbose headers   'x-timer': 'S1421815756.883388,VS0,VE314',
27 verbose headers   'keep-alive': 'timeout=10, max=50',
27 verbose headers   connection: 'Keep-Alive' }
28 silly registry.get cb [ 404,
28 silly registry.get   { date: 'Wed, 21 Jan 2015 04:49:17 GMT',
28 silly registry.get     server: 'CouchDB/1.5.0 (Erlang OTP/R16B03)',
28 silly registry.get     'content-type': 'application/json',
28 silly registry.get     'cache-control': 'max-age=0',
28 silly registry.get     'content-length': '52',
28 silly registry.get     'accept-ranges': 'bytes',
28 silly registry.get     via: '1.1 varnish',
28 silly registry.get     age: '0',
28 silly registry.get     'x-served-by': 'cache-lax1423-LAX',
28 silly registry.get     'x-cache': 'MISS',
28 silly registry.get     'x-cache-hits': '0',
28 silly registry.get     'x-timer': 'S1421815756.883388,VS0,VE314',
28 silly registry.get     'keep-alive': 'timeout=10, max=50',
28 silly registry.get     connection: 'Keep-Alive' } ]
29 silly lockFile 522b04c2-Express Express@
30 silly lockFile 522b04c2-Express Express@
31 error 404 404 Not Found: Express
31 error 404
31 error 404 'Express' is not in the npm registry.
31 error 404 You should bug the author to publish it
31 error 404
31 error 404 Note that you can also install from a
31 error 404 tarball, folder, or http url, or git url.
32 error System Darwin 14.1.0
33 error command "node" "/usr/local/bin/npm" "install" "Express"
34 error cwd /Users/tomasero/Documents/Projects/mind-racer
35 error node -v v0.10.35
36 error npm -v 1.4.28
37 error code E404
38 verbose exit [ 1, true ]
